# JRE version: Java(TM) SE Runtime Environment (21.0.9+7) (build 21.0.9+7-LTS-338)
# Java VM: Java HotSpot(TM) 64-Bit Server VM (21.0.9+7-LTS-338, mixed mode, sharing, tiered, compressed oops, compressed class ptrs, g1 gc, windows-amd64)
GC Precious Log:
 CardTable entry size: 512
 Card Set container configuration: InlinePtr #cards 5 size 8 Array Of Cards #cards 12 size 40 Howl #buckets 4 coarsen threshold 1843 Howl Bitmap #cards 512 size 80 coarsen threshold 460 Card regions per heap region 1 cards per card region 2048
 CPUs: 12 total, 12 available
 Memory: 6005M
 Large Page Support: Disabled
 NUMA Support: Disabled
 Compressed Oops: Enabled (32-bit)
 Heap Region Size: 1M
 Heap Min Capacity: 256M
 Heap Initial Capacity: 256M
 Heap Max Capacity: 512M
 Pre-touch: Disabled
 Parallel Workers: 10
 Concurrent Workers: 3
 Concurrent Refinement Workers: 10
 Periodic GC: Disabled
Heap:
 garbage-first heap   total 262144K, used 152058K [0x00000000e0000000, 0x0000000100000000)
  region size 1024K, 34 young (34816K), 7 survivors (7168K)
 Metaspace       used 90256K, committed 92928K, reserved 458752K
  class space    used 12196K, committed 13504K, reserved 327680K
GC Heap History (20 events):
Event: 34.453 GC heap before
{Heap before GC invocations=21 (full 0):
 garbage-first heap   total 262144K, used 232940K [0x00000000e0000000, 0x0000000100000000)
  region size 1024K, 146 young (149504K), 13 survivors (13312K)
 Metaspace       used 73809K, committed 75968K, reserved 393216K
  class space    used 10044K, committed 11136K, reserved 327680K
}
Event: 34.465 GC heap after
{Heap after GC invocations=22 (full 0):
 garbage-first heap   total 262144K, used 102910K [0x00000000e0000000, 0x0000000100000000)
  region size 1024K, 10 young (10240K), 10 survivors (10240K)
 Metaspace       used 73809K, committed 75968K, reserved 393216K
  class space    used 10044K, committed 11136K, reserved 327680K
}
Event: 34.841 GC heap before
{Heap before GC invocations=22 (full 0):
 garbage-first heap   total 262144K, used 236030K [0x00000000e0000000, 0x0000000100000000)
  region size 1024K, 142 young (145408K), 10 survivors (10240K)
 Metaspace       used 73896K, committed 76032K, reserved 393216K
  class space    used 10048K, committed 11136K, reserved 327680K
}
Event: 34.847 GC heap after
{Heap after GC invocations=23 (full 0):
 garbage-first heap   total 262144K, used 102575K [0x00000000e0000000, 0x0000000100000000)
  region size 1024K, 10 young (10240K), 10 survivors (10240K)
 Metaspace       used 73896K, committed 76032K, reserved 393216K
  class space    used 10048K, committed 11136K, reserved 327680K
}
Event: 35.202 GC heap before
{Heap before GC invocations=23 (full 0):
 garbage-first heap   total 262144K, used 235695K [0x00000000e0000000, 0x0000000100000000)
  region size 1024K, 141 young (144384K), 10 survivors (10240K)
 Metaspace       used 74018K, committed 76160K, reserved 393216K
  class space    used 10048K, committed 11136K, reserved 327680K
}
Event: 35.208 GC heap after
{Heap after GC invocations=24 (full 0):
 garbage-first heap   total 262144K, used 102207K [0x00000000e0000000, 0x0000000100000000)
  region size 1024K, 9 young (9216K), 9 survivors (9216K)
 Metaspace       used 74018K, committed 76160K, reserved 393216K
  class space    used 10048K, committed 11136K, reserved 327680K
}
Event: 36.535 GC heap before
{Heap before GC invocations=24 (full 0):
 garbage-first heap   total 262144K, used 237375K [0x00000000e0000000, 0x0000000100000000)
  region size 1024K, 142 young (145408K), 9 survivors (9216K)
 Metaspace       used 76505K, committed 78848K, reserved 458752K
  class space    used 10499K, committed 11648K, reserved 327680K
}
Event: 36.540 GC heap after
{Heap after GC invocations=25 (full 0):
 garbage-first heap   total 262144K, used 101376K [0x00000000e0000000, 0x0000000100000000)
  region size 1024K, 8 young (8192K), 8 survivors (8192K)
 Metaspace       used 76505K, committed 78848K, reserved 458752K
  class space    used 10499K, committed 11648K, reserved 327680K
}
Event: 37.308 GC heap before
{Heap before GC invocations=25 (full 0):
 garbage-first heap   total 262144K, used 239616K [0x00000000e0000000, 0x0000000100000000)
  region size 1024K, 143 young (146432K), 8 survivors (8192K)
 Metaspace       used 77809K, committed 80128K, reserved 458752K
  class space    used 10707K, committed 11840K, reserved 327680K
}
Event: 37.313 GC heap after
{Heap after GC invocations=26 (full 0):
 garbage-first heap   total 262144K, used 104448K [0x00000000e0000000, 0x0000000100000000)
  region size 1024K, 11 young (11264K), 11 survivors (11264K)
 Metaspace       used 77809K, committed 80128K, reserved 458752K
  class space    used 10707K, committed 11840K, reserved 327680K
}
Event: 41.822 GC heap before
{Heap before GC invocations=26 (full 0):
 garbage-first heap   total 262144K, used 237568K [0x00000000e0000000, 0x0000000100000000)
  region size 1024K, 140 young (143360K), 11 survivors (11264K)
 Metaspace       used 85722K, committed 88192K, reserved 458752K
  class space    used 11904K, committed 13120K, reserved 327680K
}
Event: 41.836 GC heap after
{Heap after GC invocations=27 (full 0):
 garbage-first heap   total 262144K, used 118517K [0x00000000e0000000, 0x0000000100000000)
  region size 1024K, 18 young (18432K), 18 survivors (18432K)
 Metaspace       used 85722K, committed 88192K, reserved 458752K
  class space    used 11904K, committed 13120K, reserved 327680K
}
Event: 48.544 GC heap before
{Heap before GC invocations=27 (full 0):
 garbage-first heap   total 262144K, used 228085K [0x00000000e0000000, 0x0000000100000000)
  region size 1024K, 126 young (129024K), 18 survivors (18432K)
 Metaspace       used 88022K, committed 90496K, reserved 458752K
  class space    used 12085K, committed 13312K, reserved 327680K
}
Event: 48.553 GC heap after
{Heap after GC invocations=28 (full 0):
 garbage-first heap   total 262144K, used 120467K [0x00000000e0000000, 0x0000000100000000)
  region size 1024K, 5 young (5120K), 5 survivors (5120K)
 Metaspace       used 88022K, committed 90496K, reserved 458752K
  class space    used 12085K, committed 13312K, reserved 327680K
}
Event: 54.127 GC heap before
{Heap before GC invocations=28 (full 0):
 garbage-first heap   total 262144K, used 241299K [0x00000000e0000000, 0x0000000100000000)
  region size 1024K, 124 young (126976K), 5 survivors (5120K)
 Metaspace       used 88705K, committed 91200K, reserved 458752K
  class space    used 12115K, committed 13376K, reserved 327680K
}
Event: 54.131 GC heap after
{Heap after GC invocations=29 (full 0):
 garbage-first heap   total 262144K, used 123637K [0x00000000e0000000, 0x0000000100000000)
  region size 1024K, 8 young (8192K), 8 survivors (8192K)
 Metaspace       used 88705K, committed 91200K, reserved 458752K
  class space    used 12115K, committed 13376K, reserved 327680K
}
Event: 62.013 GC heap before
{Heap before GC invocations=29 (full 0):
 garbage-first heap   total 262144K, used 238325K [0x00000000e0000000, 0x0000000100000000)
  region size 1024K, 121 young (123904K), 8 survivors (8192K)
 Metaspace       used 90237K, committed 92864K, reserved 458752K
  class space    used 12223K, committed 13504K, reserved 327680K
}
Event: 62.019 GC heap after
{Heap after GC invocations=30 (full 0):
 garbage-first heap   total 262144K, used 126151K [0x00000000e0000000, 0x0000000100000000)
  region size 1024K, 11 young (11264K), 11 survivors (11264K)
 Metaspace       used 90237K, committed 92864K, reserved 458752K
  class space    used 12223K, committed 13504K, reserved 327680K
}
Event: 62.073 GC heap before
{Heap before GC invocations=30 (full 0):
 garbage-first heap   total 262144K, used 131271K [0x00000000e0000000, 0x0000000100000000)
  region size 1024K, 17 young (17408K), 11 survivors (11264K)
 Metaspace       used 90284K, committed 92864K, reserved 458752K
  class space    used 12223K, committed 13504K, reserved 327680K
}
Event: 62.090 GC heap after
{Heap after GC invocations=31 (full 0):
 garbage-first heap   total 262144K, used 125434K [0x00000000e0000000, 0x0000000100000000)
  region size 1024K, 7 young (7168K), 7 survivors (7168K)
 Metaspace       used 90284K, committed 92864K, reserved 458752K
  class space    used 12223K, committed 13504K, reserved 327680K
}

